scanning for files
188 files found
['/mnt/parscratch/users/acp25lmc/joined_data_parquet/MS10/10416_T1_AX6_27052022_acc_gyr.parquet', '/mnt/parscratch/users/acp25lmc/joined_data_parquet/MS10/10399_T2_AX6_02112022_acc_gyr.parquet', '/mnt/parscratch/users/acp25lmc/joined_data_parquet/MS10/10434_T3_AX6_21092023_acc_gyr.parquet', '/mnt/parscratch/users/acp25lmc/joined_data_parquet/MS10/10388_T4_MM_07112023_acc_gyr.parquet', '/mnt/parscratch/users/acp25lmc/joined_data_parquet/MS10/10415_T4_AX6_21122023_acc_gyr.parquet', '/mnt/parscratch/users/acp25lmc/joined_data_parquet/MS10/10425_T5_AX6_05062024_acc_gyr.parquet', '/mnt/parscratch/users/acp25lmc/joined_data_parquet/MS10/10378_T4_MM_20092023_acc_gyr.parquet', '/mnt/parscratch/users/acp25lmc/joined_data_parquet/MS10/10429_T4_AX6_21122023_acc_gyr.parquet', '/mnt/parscratch/users/acp25lmc/joined_data_parquet/MS10/10426_T1_AX6_04072022_acc_gyr.parquet', '/mnt/parscratch/users/acp25lmc/joined_data_parquet/MS10/10383_T3_MM_27032023_acc_gyr.parquet', '/mnt/parscratch/users/acp25lmc/joined_data_parquet/MS10/10390_T3_AX6_22052023_acc_gyr.parquet', '/mnt/parscratch/users/acp25lmc/joined_data_parquet/MS10/10395_T1_AX6_13042022_acc_gyr.parquet', '/mnt/parscratch/users/acp25lmc/joined_data_parquet/MS10/10409_T1_AX6_17052022_acc_gyr.parquet', '/mnt/parscratch/users/acp25lmc/joined_data_parquet/MS10/10423_T2_AX6_08122022_acc_gyr.parquet', '/mnt/parscratch/users/acp25lmc/joined_data_parquet/MS10/10423_T3_AX6_23062023_acc_gyr.parquet', '/mnt/parscratch/users/acp25lmc/joined_data_parquet/MS10/10403_T1_AX6_21042022_acc_gyr.parquet', '/mnt/parscratch/users/acp25lmc/joined_data_parquet/MS10/10386_T4_AX6_16102023_acc_gyr.parquet', '/mnt/parscratch/users/acp25lmc/joined_data_parquet/MS10/10420_T1_AX6_30052022_acc_gyr.parquet', '/mnt/parscratch/users/acp25lmc/joined_data_parquet/MS10/10381_T2_MM_27092022_acc_gyr.parquet', '/mnt/parscratch/users/acp25lmc/joined_data_parquet/MS10/10388_T2_MM_20102022_acc_gyr.parquet', '/mnt/parscratch/users/acp25lmc/joined_data_parquet/MS10/10381_T3_MM_21032023_acc_gyr.parquet', '/mnt/parscratch/users/acp25lmc/joined_data_parquet/MS10/10379_T5_AX6_17052024_acc_gyr.parquet', '/mnt/parscratch/users/acp25lmc/joined_data_parquet/MS10/10415_T5_AX6_17062024_acc_gyr.parquet', '/mnt/parscratch/users/acp25lmc/joined_data_parquet/MS10/10415_T1_AX6_19052022_acc_gyr.parquet', '/mnt/parscratch/users/acp25lmc/joined_data_parquet/MS10/10380_T1_MM_10032022_acc_gyr.parquet', '/mnt/parscratch/users/acp25lmc/joined_data_parquet/MS10/10406_T2_AX6_02112022_acc_gyr.parquet', '/mnt/parscratch/users/acp25lmc/joined_data_parquet/MS10/10382_T3_AX6_24032023_acc_gyr.parquet', '/mnt/parscratch/users/acp25lmc/joined_data_parquet/MS10/10412_T2_AX6_14112023_acc_gyr.parquet', '/mnt/parscratch/users/acp25lmc/joined_data_parquet/MS10/10395_T5_AX6_31052024_acc_gyr.parquet', '/mnt/parscratch/users/acp25lmc/joined_data_parquet/MS10/10391_T5_MM_18042024_acc_gyr.parquet', '/mnt/parscratch/users/acp25lmc/joined_data_parquet/MS10/10425_T4_AX6_13032024_acc_gyr.parquet', '/mnt/parscratch/users/acp25lmc/joined_data_parquet/MS10/10406_T4_AX6_17102023_acc_gyr.parquet', '/mnt/parscratch/users/acp25lmc/joined_data_parquet/MS10/10408_T4_AX6_27102023_acc_gyr.parquet', '/mnt/parscratch/users/acp25lmc/joined_data_parquet/MS10/10426_T5_AX6_03062024_acc_gyr.parquet', '/mnt/parscratch/users/acp25lmc/joined_data_parquet/MS10/10426_T4_AX6_10012024_acc_gyr.parquet', '/mnt/parscratch/users/acp25lmc/joined_data_parquet/MS10/10419_T4_AX6_06122023_acc_gyr.parquet', '/mnt/parscratch/users/acp25lmc/joined_data_parquet/MS10/10426_T2_AX6_05012023_acc_gyr.parquet', '/mnt/parscratch/users/acp25lmc/joined_data_parquet/MS10/10431_T2_AX6_14022023_acc_gyr.parquet', '/mnt/parscratch/users/acp25lmc/joined_data_parquet/MS10/10376_T4_AX6_22092023_acc_gyr.parquet', '/mnt/parscratch/users/acp25lmc/joined_data_parquet/MS10/10391_T3_MM_31032023_acc_gyr.parquet', '/mnt/parscratch/users/acp25lmc/joined_data_parquet/MS10/10430_T3_AX6_28072023_acc_gyr.parquet', '/mnt/parscratch/users/acp25lmc/joined_data_parquet/MS10/10391_T1_MM_29032022_acc_gyr.parquet', '/mnt/parscratch/users/acp25lmc/joined_data_parquet/MS10/10416_T4_AX6_23112023_acc_gyr.parquet', '/mnt/parscratch/users/acp25lmc/joined_data_parquet/MS10/10376_T3_AX6_24022023_acc_gyr.parquet', '/mnt/parscratch/users/acp25lmc/joined_data_parquet/MS10/10427_T5_AX6_11062024_acc_gyr.parquet', '/mnt/parscratch/users/acp25lmc/joined_data_parquet/MS10/10434_T2_AX6_15032023_acc_gyr.parquet', '/mnt/parscratch/users/acp25lmc/joined_data_parquet/MS10/10427_T3_AX6_15062023_acc_gyr.parquet', '/mnt/parscratch/users/acp25lmc/joined_data_parquet/MS10/10395_T4_AX6_17102023_acc_gyr.parquet', '/mnt/parscratch/users/acp25lmc/joined_data_parquet/MS10/10431_T4_MM_13032024_acc_gyr.parquet', '/mnt/parscratch/users/acp25lmc/joined_data_parquet/MS10/10426_T3_AX6_05072023_acc_gyr.parquet', '/mnt/parscratch/users/acp25lmc/joined_data_parquet/MS10/10379_T1_MM_09032022_acc_gyr.parquet', '/mnt/parscratch/users/acp25lmc/joined_data_parquet/MS10/10386_T1_AX6_18032022_acc_gyr.parquet', '/mnt/parscratch/users/acp25lmc/joined_data_parquet/MS10/10411_T5_AX6_11062024_acc_gyr.parquet', '/mnt/parscratch/users/acp25lmc/joined_data_parquet/MS10/10409_T4_AX6_23102023_acc_gyr.parquet', '/mnt/parscratch/users/acp25lmc/joined_data_parquet/MS10/10413_T4_AX6_06112023_acc_gyr.parquet', '/mnt/parscratch/users/acp25lmc/joined_data_parquet/MS10/10423_T4_AX6_24012024_acc_gyr.parquet', '/mnt/parscratch/users/acp25lmc/joined_data_parquet/MS10/10406_T1_AX6_29042022_acc_gyr.parquet', '/mnt/parscratch/users/acp25lmc/joined_data_parquet/MS10/10383_T2_MM_20102022_acc_gyr.parquet', '/mnt/parscratch/users/acp25lmc/joined_data_parquet/MS10/10391_T2_MM_20102022_acc_gyr.parquet', '/mnt/parscratch/users/acp25lmc/joined_data_parquet/MS10/10389_T4_MM_26092023_acc_gyr.parquet', '/mnt/parscratch/users/acp25lmc/joined_data_parquet/MS10/10415_T2_AX6_23112022_acc_gyr.parquet', '/mnt/parscratch/users/acp25lmc/joined_data_parquet/MS10/10382_T5_AX6_10042024_acc_gyr.parquet', '/mnt/parscratch/users/acp25lmc/joined_data_parquet/MS10/10416_T2_AX6_09112022_acc_gyr.parquet', '/mnt/parscratch/users/acp25lmc/joined_data_parquet/MS10/10393_T5_AX6_13052024_acc_gyr.parquet', '/mnt/parscratch/users/acp25lmc/joined_data_parquet/MS10/10413_T2_AX6_10112022_acc_gyr.parquet', '/mnt/parscratch/users/acp25lmc/joined_data_parquet/MS10/10403_T3_AX6_22052023_acc_gyr.parquet', '/mnt/parscratch/users/acp25lmc/joined_data_parquet/MS10/10378_T3_MM_23032023_acc_gyr.parquet', '/mnt/parscratch/users/acp25lmc/joined_data_parquet/MS10/10411_T1_AX6_13052022_acc_gyr.parquet', '/mnt/parscratch/users/acp25lmc/joined_data_parquet/MS10/10433_T1_AX6_27092022_acc_gyr.parquet', '/mnt/parscratch/users/acp25lmc/joined_data_parquet/MS10/10413_T5_AX6_17062024_acc_gyr.parquet', '/mnt/parscratch/users/acp25lmc/joined_data_parquet/MS10/10382_T1_AX6_18032022_acc_gyr.parquet', '/mnt/parscratch/users/acp25lmc/joined_data_parquet/MS10/10389_T1_MM_29032022_acc_gyr.parquet', '/mnt/parscratch/users/acp25lmc/joined_data_parquet/MS10/10390_T5_AX6_13032024_acc_gyr.parquet', '/mnt/parscratch/users/acp25lmc/joined_data_parquet/MS10/10432_T3_MM_26092023_acc_gyr.parquet', '/mnt/parscratch/users/acp25lmc/joined_data_parquet/MS10/10386_T3_AX6_03042023_acc_gyr.parquet', '/mnt/parscratch/users/acp25lmc/joined_data_parquet/MS10/10430_T2_AX6_03022023_acc_gyr.parquet', '/mnt/parscratch/users/acp25lmc/joined_data_parquet/MS10/10393_T4_AX6_17102023_acc_gyr.parquet', '/mnt/parscratch/users/acp25lmc/joined_data_parquet/MS10/10379_T2_MM_27092022_acc_gyr.parquet', '/mnt/parscratch/users/acp25lmc/joined_data_parquet/MS10/10408_T2_AX6_10112022_acc_gyr.parquet', '/mnt/parscratch/users/acp25lmc/joined_data_parquet/MS10/10396_T1_AX6_13042022_acc_gyr.parquet', '/mnt/parscratch/users/acp25lmc/joined_data_parquet/MS10/10406_T3_AX6_01062023_acc_gyr.parquet', '/mnt/parscratch/users/acp25lmc/joined_data_parquet/MS10/10386_T5_AX6_10042024_acc_gyr.parquet', '/mnt/parscratch/users/acp25lmc/joined_data_parquet/MS10/10411_T4_AX6_14112023_acc_gyr.parquet', '/mnt/parscratch/users/acp25lmc/joined_data_parquet/MS10/10424_T2_AX6_15122022_acc_gyr.parquet', '/mnt/parscratch/users/acp25lmc/joined_data_parquet/MS10/10384_T1_MM_18032022_acc_gyr.parquet', '/mnt/parscratch/users/acp25lmc/joined_data_parquet/MS10/10427_T1_AX6_04072022_acc_gyr.parquet', '/mnt/parscratch/users/acp25lmc/joined_data_parquet/MS10/10430_T4_AX6_13032024_acc_gyr.parquet', '/mnt/parscratch/users/acp25lmc/joined_data_parquet/MS10/10431_T3_AX6_22092023_acc_gyr.parquet', '/mnt/parscratch/users/acp25lmc/joined_data_parquet/MS10/10380_T2_MM_06092022_acc_gyr.parquet', '/mnt/parscratch/users/acp25lmc/joined_data_parquet/MS10/10399_T4_AX6_22092023_acc_gyr.parquet', '/mnt/parscratch/users/acp25lmc/joined_data_parquet/MS10/10400_T1_AX6_21042022_acc_gyr.parquet', '/mnt/parscratch/users/acp25lmc/joined_data_parquet/MS10/10419_T3_AX6_01062023_acc_gyr.parquet', '/mnt/parscratch/users/acp25lmc/joined_data_parquet/MS10/10390_T1_MM_29032022_acc_gyr.parquet', '/mnt/parscratch/users/acp25lmc/joined_data_parquet/MS10/10427_T2_AX6_05012023_acc_gyr.parquet', '/mnt/parscratch/users/acp25lmc/joined_data_parquet/MS10/10385_T4_AX6_01112023_acc_gyr.parquet', '/mnt/parscratch/users/acp25lmc/joined_data_parquet/MS10/10419_T2_AX6_01122022_acc_gyr.parquet', '/mnt/parscratch/users/acp25lmc/joined_data_parquet/MS10/10403_T5_AX6_12062024_acc_gyr.parquet', '/mnt/parscratch/users/acp25lmc/joined_data_parquet/MS10/10410_T1_AX6_03052022_acc_gyr.parquet', '/mnt/parscratch/users/acp25lmc/joined_data_parquet/MS10/10378_T5_AX6_13032024_acc_gyr.parquet', '/mnt/parscratch/users/acp25lmc/joined_data_parquet/MS10/10403_T2_AX6_27102022_acc_gyr.parquet', '/mnt/parscratch/users/acp25lmc/joined_data_parquet/MS10/10383_T4_MM_03112023_acc_gyr.parquet', '/mnt/parscratch/users/acp25lmc/joined_data_parquet/MS10/10434_T1_AX6_27092022_acc_gyr.parquet', '/mnt/parscratch/users/acp25lmc/joined_data_parquet/MS10/10400_T4_AX6_02112023_acc_gyr.parquet', '/mnt/parscratch/users/acp25lmc/joined_data_parquet/MS10/10406_T5_AX6_31052024_acc_gyr.parquet', '/mnt/parscratch/users/acp25lmc/joined_data_parquet/MS10/10385_T3_AX6_24032023_acc_gyr.parquet', '/mnt/parscratch/users/acp25lmc/joined_data_parquet/MS10/10431_T1_AX6_16082022_acc_gyr.parquet', '/mnt/parscratch/users/acp25lmc/joined_data_parquet/MS10/10385_T5_AX6_17052024_acc_gyr.parquet', '/mnt/parscratch/users/acp25lmc/joined_data_parquet/MS10/10430_T1_AX6_16082022_acc_gyr.parquet', '/mnt/parscratch/users/acp25lmc/joined_data_parquet/MS10/10396_T5_AX6_13032024_acc_gyr.parquet', '/mnt/parscratch/users/acp25lmc/joined_data_parquet/MS10/10388_T5_MM_21052024_acc_gyr.parquet', '/mnt/parscratch/users/acp25lmc/joined_data_parquet/MS10/10399_T3_AX6_22052023_acc_gyr.parquet', '/mnt/parscratch/users/acp25lmc/joined_data_parquet/MS10/10378_T1_MM_09032022_acc_gyr.parquet', '/mnt/parscratch/users/acp25lmc/joined_data_parquet/MS10/10432_T1_MM_27092022_acc_gyr.parquet', '/mnt/parscratch/users/acp25lmc/joined_data_parquet/MS10/10435_T1_AX6_27092022_acc_gyr.parquet', '/mnt/parscratch/users/acp25lmc/joined_data_parquet/MS10/10388_T3_MM_23032023_acc_gyr.parquet', '/mnt/parscratch/users/acp25lmc/joined_data_parquet/MS10/10382_T4_AX6_06102023_acc_gyr.parquet', '/mnt/parscratch/users/acp25lmc/joined_data_parquet/MS10/10434_T4_AX6_15032024_acc_gyr.parquet', '/mnt/parscratch/users/acp25lmc/joined_data_parquet/MS10/10380_T3_MM_27032023_acc_gyr.parquet', '/mnt/parscratch/users/acp25lmc/joined_data_parquet/MS10/10409_T5_AX6_10042024_acc_gyr.parquet', '/mnt/parscratch/users/acp25lmc/joined_data_parquet/MS10/10380_T4_MM_05092023_acc_gyr.parquet', '/mnt/parscratch/users/acp25lmc/joined_data_parquet/MS10/10424_T3_AX6_05072023_acc_gyr.parquet', '/mnt/parscratch/users/acp25lmc/joined_data_parquet/MS10/10383_T1_MM_18032022_acc_gyr.parquet', '/mnt/parscratch/users/acp25lmc/joined_data_parquet/MS10/10384_T3_MM_22052023_acc_gyr.parquet', '/mnt/parscratch/users/acp25lmc/joined_data_parquet/MS10/10381_T5_AX6_13032024_acc_gyr.parquet', '/mnt/parscratch/users/acp25lmc/joined_data_parquet/MS10/10425_T2_AX6_05012023_acc_gyr.parquet', '/mnt/parscratch/users/acp25lmc/joined_data_parquet/MS10/10433_T4_AX6_21032024_acc_gyr.parquet', '/mnt/parscratch/users/acp25lmc/joined_data_parquet/MS10/10429_T3_AX6_01082023_acc_gyr.parquet', '/mnt/parscratch/users/acp25lmc/joined_data_parquet/MS10/10396_T2_AX6_20102022_acc_gyr.parquet', '/mnt/parscratch/users/acp25lmc/joined_data_parquet/MS10/10395_T3_AX6_13042023_acc_gyr.parquet', '/mnt/parscratch/users/acp25lmc/joined_data_parquet/MS10/10384_T5_MM_10042024_acc_gyr.parquet', '/mnt/parscratch/users/acp25lmc/joined_data_parquet/MS10/10399_T1_AX6_21042022_acc_gyr.parquet', '/mnt/parscratch/users/acp25lmc/joined_data_parquet/MS10/10390_T2_AX6_20102022_acc_gyr.parquet', '/mnt/parscratch/users/acp25lmc/joined_data_parquet/MS10/10383_T5_MM_13032024_acc_gyr.parquet', '/mnt/parscratch/users/acp25lmc/joined_data_parquet/MS10/10400_T3_AX6_22052023_acc_gyr.parquet', '/mnt/parscratch/users/acp25lmc/joined_data_parquet/MS10/10380_T5_MM_19032024_acc_gyr.parquet', '/mnt/parscratch/users/acp25lmc/joined_data_parquet/MS10/10385_T1_AX6_18032022_acc_gyr.parquet', '/mnt/parscratch/users/acp25lmc/joined_data_parquet/MS10/10384_T4_MM_20092023_acc_gyr.parquet', '/mnt/parscratch/users/acp25lmc/joined_data_parquet/MS10/10408_T1_AX6_29042022_acc_gyr.parquet', '/mnt/parscratch/users/acp25lmc/joined_data_parquet/MS10/10398_T1_AX6_21042022_acc_gyr.parquet', '/mnt/parscratch/users/acp25lmc/joined_data_parquet/MS10/10412_T4_AX6_14112023_acc_gyr.parquet', '/mnt/parscratch/users/acp25lmc/joined_data_parquet/MS10/10429_T2_AX6_05072023_acc_gyr.parquet', '/mnt/parscratch/users/acp25lmc/joined_data_parquet/MS10/10425_T3_AX6_01082023_acc_gyr.parquet', '/mnt/parscratch/users/acp25lmc/joined_data_parquet/MS10/10376_T1_MM_25022022_acc_gyr.parquet', '/mnt/parscratch/users/acp25lmc/joined_data_parquet/MS10/10409_T2_AX6_10112022_acc_gyr.parquet', '/mnt/parscratch/users/acp25lmc/joined_data_parquet/MS10/10388_T1_MM_29032022_acc_gyr.parquet', '/mnt/parscratch/users/acp25lmc/joined_data_parquet/MS10/10395_T2_AX6_20102022_acc_gyr.parquet', '/mnt/parscratch/users/acp25lmc/joined_data_parquet/MS10/10393_T3_AX6_13042023_acc_gyr.parquet', '/mnt/parscratch/users/acp25lmc/joined_data_parquet/MS10/10415_T3_AX6_02062023_acc_gyr.parquet', '/mnt/parscratch/users/acp25lmc/joined_data_parquet/MS10/10403_T4_AX6_25102023_acc_gyr.parquet', '/mnt/parscratch/users/acp25lmc/joined_data_parquet/MS10/10381_T1_MM_10032022_acc_gyr.parquet', '/mnt/parscratch/users/acp25lmc/joined_data_parquet/MS10/10390_T4_AX6_17102023_acc_gyr.parquet', '/mnt/parscratch/users/acp25lmc/joined_data_parquet/MS10/10424_T4_AX6_05122023_acc_gyr.parquet', '/mnt/parscratch/users/acp25lmc/joined_data_parquet/MS10/10386_T2_AX6_27092022_acc_gyr.parquet', '/mnt/parscratch/users/acp25lmc/joined_data_parquet/MS10/10385_T2_AX6_27092022_acc_gyr.parquet', '/mnt/parscratch/users/acp25lmc/joined_data_parquet/MS10/10396_T3_AX6_31052023_acc_gyr.parquet', '/mnt/parscratch/users/acp25lmc/joined_data_parquet/MS10/10432_T2_MM_24082023_acc_gyr.parquet', '/mnt/parscratch/users/acp25lmc/joined_data_parquet/MS10/10376_T2_AX6_02092022_acc_gyr.parquet', '/mnt/parscratch/users/acp25lmc/joined_data_parquet/MS10/10396_T4_AX6_23102023_acc_gyr.parquet', '/mnt/parscratch/users/acp25lmc/joined_data_parquet/MS10/10379_T3_AX6_03032023_acc_gyr.parquet', '/mnt/parscratch/users/acp25lmc/joined_data_parquet/MS10/10384_T2_MM_27092022_acc_gyr.parquet', '/mnt/parscratch/users/acp25lmc/joined_data_parquet/MS10/10377_T1_MM_25022022_acc_gyr.parquet', '/mnt/parscratch/users/acp25lmc/joined_data_parquet/MS10/10429_T1_AX6_11072022_acc_gyr.parquet', '/mnt/parscratch/users/acp25lmc/joined_data_parquet/MS10/10412_T1_AX6_18052022_acc_gyr.parquet', '/mnt/parscratch/users/acp25lmc/joined_data_parquet/MS10/10381_T4_AX6_17102023_acc_gyr.parquet', '/mnt/parscratch/users/acp25lmc/joined_data_parquet/MS10/10416_T3_AX6_26072023_acc_gyr.parquet', '/mnt/parscratch/users/acp25lmc/joined_data_parquet/MS10/10389_T3_MM_03042023_acc_gyr.parquet', '/mnt/parscratch/users/acp25lmc/joined_data_parquet/MS10/10424_T1_AX6_13062022_acc_gyr.parquet', '/mnt/parscratch/users/acp25lmc/joined_data_parquet/MS10/10433_T3_AX6_20092023_acc_gyr.parquet', '/mnt/parscratch/users/acp25lmc/joined_data_parquet/MS10/10399_T5_AX6_05062024_acc_gyr.parquet', '/mnt/parscratch/users/acp25lmc/joined_data_parquet/MS10/10413_T3_AX6_22052023_acc_gyr.parquet', '/mnt/parscratch/users/acp25lmc/joined_data_parquet/MS10/10412_T3_AX6_22052023_acc_gyr.parquet', '/mnt/parscratch/users/acp25lmc/joined_data_parquet/MS10/10389_T2_MM_27092022_acc_gyr.parquet', '/mnt/parscratch/users/acp25lmc/joined_data_parquet/MS10/10425_T1_AX6_14062022_acc_gyr.parquet', '/mnt/parscratch/users/acp25lmc/joined_data_parquet/MS10/10419_T1_AX6_08062022_acc_gyr.parquet', '/mnt/parscratch/users/acp25lmc/joined_data_parquet/MS10/10382_T2_AX6_27092022_acc_gyr.parquet', '/mnt/parscratch/users/acp25lmc/joined_data_parquet/MS10/10408_T3_AX6_22052023_acc_gyr.parquet', '/mnt/parscratch/users/acp25lmc/joined_data_parquet/MS10/10391_T4_MM_26102023_acc_gyr.parquet', '/mnt/parscratch/users/acp25lmc/joined_data_parquet/MS10/10379_T4_AX6_10102023_acc_gyr.parquet', '/mnt/parscratch/users/acp25lmc/joined_data_parquet/MS10/10433_T2_AX6_15032023_acc_gyr.parquet', '/mnt/parscratch/users/acp25lmc/joined_data_parquet/MS10/10408_T5_AX6_31052024_acc_gyr.parquet', '/mnt/parscratch/users/acp25lmc/joined_data_parquet/MS10/10400_T2_AX6_27102022_acc_gyr.parquet', '/mnt/parscratch/users/acp25lmc/joined_data_parquet/MS10/10400_T5_AX6_13052024_acc_gyr.parquet', '/mnt/parscratch/users/acp25lmc/joined_data_parquet/MS10/10393_T1_AX6_07042022_acc_gyr.parquet', '/mnt/parscratch/users/acp25lmc/joined_data_parquet/MS10/10413_T1_AX6_16052022_acc_gyr.parquet', '/mnt/parscratch/users/acp25lmc/joined_data_parquet/MS10/10389_T5_MM_10042024_acc_gyr.parquet', '/mnt/parscratch/users/acp25lmc/joined_data_parquet/MS10/10423_T1_AX6_10062022_acc_gyr.parquet', '/mnt/parscratch/users/acp25lmc/joined_data_parquet/MS10/10376_T5_AX6_14032024_acc_gyr.parquet', '/mnt/parscratch/users/acp25lmc/joined_data_parquet/MS10/10419_T5_AX6_27052024_acc_gyr.parquet']
PID 10416: Total duration 168.00 hours. Picked a 24hr window starting at float 1652592775.8802524
window length 839, expected length 1000 - window rejected
PID 10416: Picked random day. Sampled 1500 from 8755 valid windows.
PID 10399: Total duration 168.00 hours. Picked a 24hr window starting at float 1665825458.0254838
window length 308, expected length 1000 - window rejected
PID 10399: Picked random day. Sampled 1500 from 8696 valid windows.
PID 10434: Total duration 168.00 hours. Picked a 24hr window starting at float 1693877466.8201146
window length 176, expected length 1000 - window rejected
PID 10434: Picked random day. Sampled 1500 from 8505 valid windows.

[WARNING] skipping 10388_T4_MM_07112023_acc_gyr.parquet: File contains NaN values in 'time_acc'.
PID 10415: Total duration 168.00 hours. Picked a 24hr window starting at float 1701319384.2135165
window length 654, expected length 1000 - window rejected
PID 10415: Picked random day. Sampled 1500 from 8511 valid windows.
PID 10425: Total duration 168.00 hours. Picked a 24hr window starting at float 1716964754.052289
window length 74, expected length 1000 - window rejected
PID 10425: Picked random day. Sampled 1500 from 8696 valid windows.
PID 10378: Total duration 168.00 hours. Picked a 24hr window starting at float 1693492459.447403
window length 202, expected length 1000 - window rejected
PID 10378: Picked random day. Sampled 1500 from 9137 valid windows.
PID 10429: Total duration 168.00 hours. Picked a 24hr window starting at float 1700879846.945958
window length 837, expected length 1000 - window rejected
PID 10429: Picked random day. Sampled 1500 from 8543 valid windows.
PID 10426: Total duration 168.00 hours. Picked a 24hr window starting at float 1655114093.8766763
window length 820, expected length 1000 - window rejected
PID 10426: Picked random day. Sampled 1500 from 8524 valid windows.

[WARNING] skipping 10383_T3_MM_27032023_acc_gyr.parquet: File contains NaN values in 'time_acc'.
PID 10390: Total duration 168.00 hours. Picked a 24hr window starting at float 1680668606.6269264
window length 964, expected length 1000 - window rejected
PID 10390: Picked random day. Sampled 1500 from 8568 valid windows.
PID 10395: Total duration 169.00 hours. Picked a 24hr window starting at float 1648521654.1957533
window length 309, expected length 1000 - window rejected
PID 10395: Picked random day. Sampled 1500 from 8626 valid windows.
PID 10409: Total duration 168.00 hours. Picked a 24hr window starting at float 1650123675.3026335
window length 76, expected length 1000 - window rejected
PID 10409: Picked random day. Sampled 1500 from 8525 valid windows.
PID 10423: Total duration 168.00 hours. Picked a 24hr window starting at float 1669887796.3777132
window length 327, expected length 1000 - window rejected
PID 10423: Picked random day. Sampled 1500 from 8647 valid windows.
PID 10423: Total duration 168.00 hours. Picked a 24hr window starting at float 1685658905.5957456
window length 646, expected length 1000 - window rejected
PID 10423: Picked random day. Sampled 1500 from 8539 valid windows.
PID 10403: Total duration 168.00 hours. Picked a 24hr window starting at float 1649614092.4842384
window length 698, expected length 1000 - window rejected
PID 10403: Picked random day. Sampled 1500 from 8511 valid windows.
PID 10386: Total duration 168.00 hours. Picked a 24hr window starting at float 1695408433.9171712
window length 433, expected length 1000 - window rejected
PID 10386: Picked random day. Sampled 1500 from 8508 valid windows.
PID 10420: Total duration 168.00 hours. Picked a 24hr window starting at float 1652763360.378812
window length 74, expected length 1000 - window rejected
PID 10420: Picked random day. Sampled 1500 from 8647 valid windows.

[WARNING] skipping 10381_T2_MM_27092022_acc_gyr.parquet: File contains NaN values in 'time_acc'.

[WARNING] skipping 10388_T2_MM_20102022_acc_gyr.parquet: File contains NaN values in 'time_acc'.

[WARNING] skipping 10381_T3_MM_21032023_acc_gyr.parquet: File contains NaN values in 'time_acc'.
PID 10379: Total duration 168.00 hours. Picked a 24hr window starting at float 1715044603.6425788
window length 508, expected length 1000 - window rejected
PID 10379: Picked random day. Sampled 1500 from 8493 valid windows.
PID 10415: Total duration 168.00 hours. Picked a 24hr window starting at float 1717975340.8894567
window length 773, expected length 1000 - window rejected
PID 10415: Picked random day. Sampled 1500 from 8716 valid windows.
PID 10415: Total duration 168.00 hours. Picked a 24hr window starting at float 1651632933.0839589
window length 109, expected length 1000 - window rejected
PID 10415: Picked random day. Sampled 1500 from 8505 valid windows.
PID 10380: Total duration 147.13 hours. Picked a 24hr window starting at float 1645625947.8632734
window length 113, expected length 1000 - window rejected
PID 10380: Picked random day. Sampled 1500 from 9131 valid windows.
PID 10406: Total duration 168.00 hours. Picked a 24hr window starting at float 1666222923.2045321
window length 850, expected length 1000 - window rejected
PID 10406: Picked random day. Sampled 1500 from 8722 valid windows.
PID 10382: Total duration 168.00 hours. Picked a 24hr window starting at float 1678551848.9273715
window length 104, expected length 1000 - window rejected
PID 10382: Picked random day. Sampled 1500 from 8624 valid windows.
PID 10412: Total duration 168.00 hours. Picked a 24hr window starting at float 1665655277.0203454
window length 128, expected length 1000 - window rejected
PID 10412: Picked random day. Sampled 1500 from 8544 valid windows.
PID 10395: Total duration 168.00 hours. Picked a 24hr window starting at float 1715926409.4591815
window length 305, expected length 1000 - window rejected
PID 10395: Picked random day. Sampled 1500 from 8639 valid windows.
PID 10391: Total duration 62.47 hours. Picked a 24hr window starting at float 1710997484.345699
window length 314, expected length 1000 - window rejected
PID 10391: Picked random day. Sampled 1500 from 9190 valid windows.
PID 10425: Total duration 168.00 hours. Picked a 24hr window starting at float 1706628027.8038275
window length 643, expected length 1000 - window rejected
PID 10425: Picked random day. Sampled 1500 from 8529 valid windows.
PID 10406: Total duration 168.00 hours. Picked a 24hr window starting at float 1696425980.8498406
window length 895, expected length 1000 - window rejected
PID 10406: Picked random day. Sampled 1500 from 8639 valid windows.
PID 10408: Total duration 168.00 hours. Picked a 24hr window starting at float 1697125763.2071965
window length 815, expected length 1000 - window rejected
PID 10408: Picked random day. Sampled 1500 from 8617 valid windows.
PID 10426: Total duration 168.00 hours. Picked a 24hr window starting at float 1716459817.685629
window length 299, expected length 1000 - window rejected
PID 10426: Picked random day. Sampled 1500 from 8495 valid windows.
PID 10426: Total duration 168.00 hours. Picked a 24hr window starting at float 1701580247.2415502
window length 50, expected length 1000 - window rejected
PID 10426: Picked random day. Sampled 1500 from 8569 valid windows.
PID 10419: Total duration 168.00 hours. Picked a 24hr window starting at float 1700624934.692599
window length 963, expected length 1000 - window rejected
PID 10419: Picked random day. Sampled 1500 from 8568 valid windows.
PID 10426: Total duration 168.00 hours. Picked a 24hr window starting at float 1671017726.995383
window length 422, expected length 1000 - window rejected
PID 10426: Picked random day. Sampled 1500 from 8755 valid windows.
PID 10431: Total duration 168.00 hours. Picked a 24hr window starting at float 1675141493.2993028
window length 674, expected length 1000 - window rejected
PID 10431: Picked random day. Sampled 1500 from 8522 valid windows.
PID 10376: Total duration 168.00 hours. Picked a 24hr window starting at float 1693974300.7952569
window length 224, expected length 1000 - window rejected
PID 10376: Picked random day. Sampled 1500 from 8530 valid windows.
PID 10391: Total duration 148.04 hours. Picked a 24hr window starting at float 1679208644.997419
window length 608, expected length 1000 - window rejected
PID 10391: Picked random day. Sampled 1500 from 9165 valid windows.
PID 10430: Total duration 168.00 hours. Picked a 24hr window starting at float 1688838787.3473718
window length 529, expected length 1000 - window rejected
PID 10430: Picked random day. Sampled 1500 from 8511 valid windows.
PID 10391: Total duration 168.00 hours. Picked a 24hr window starting at float 1647957308.4945
window length 839, expected length 1000 - window rejected
PID 10391: Picked random day. Sampled 1500 from 9261 valid windows.
PID 10416: Total duration 168.00 hours. Picked a 24hr window starting at float 1699526156.3614929
window length 648, expected length 1000 - window rejected
PID 10416: Picked random day. Sampled 1500 from 8696 valid windows.
PID 10376: Total duration 168.00 hours. Picked a 24hr window starting at float 1676447765.371971
window length 236, expected length 1000 - window rejected
PID 10376: Picked random day. Sampled 1500 from 8647 valid windows.
slurmstepd: error: *** JOB 10353094 ON node083 CANCELLED AT 2026-06-12T12:30:19 ***
